# JRE version: OpenJDK Runtime Environment AdoptOpenJDK-11.0.11+9 (11.0.11+9) (build 11.0.11+9)
# Java VM: OpenJDK 64-Bit Server VM AdoptOpenJDK-11.0.11+9 (11.0.11+9, mixed mode, tiered, compressed oops, g1 gc, bsd-amd64)
Heap:
 garbage-first heap   total 131072K, used 33379K [0x00000007e0000000, 0x0000000800000000)
  region size 1024K, 24 young (24576K), 5 survivors (5120K)
 Metaspace       used 41474K, capacity 42867K, committed 43184K, reserved 1087488K
  class space    used 5237K, capacity 5788K, committed 5888K, reserved 1048576K
GC Heap History (12 events):
Event: 1.444 GC heap before
{Heap before GC invocations=0 (full 0):
 garbage-first heap   total 131072K, used 24576K [0x00000007e0000000, 0x0000000800000000)
  region size 1024K, 24 young (24576K), 0 survivors (0K)
 Metaspace       used 13346K, capacity 13661K, committed 13952K, reserved 1060864K
  class space    used 1412K, capacity 1538K, committed 1664K, reserved 1048576K
}
Event: 1.460 GC heap after
{Heap after GC invocations=1 (full 0):
 garbage-first heap   total 131072K, used 6517K [0x00000007e0000000, 0x0000000800000000)
  region size 1024K, 3 young (3072K), 3 survivors (3072K)
 Metaspace       used 13346K, capacity 13661K, committed 13952K, reserved 1060864K
  class space    used 1412K, capacity 1538K, committed 1664K, reserved 1048576K
}
Event: 1.934 GC heap before
{Heap before GC invocations=1 (full 0):
 garbage-first heap   total 131072K, used 29045K [0x00000007e0000000, 0x0000000800000000)
  region size 1024K, 25 young (25600K), 3 survivors (3072K)
 Metaspace       used 17453K, capacity 18075K, committed 18432K, reserved 1064960K
  class space    used 1964K, capacity 2203K, committed 2304K, reserved 1048576K
}
Event: 1.945 GC heap after
{Heap after GC invocations=2 (full 0):
 garbage-first heap   total 131072K, used 7721K [0x00000007e0000000, 0x0000000800000000)
  region size 1024K, 2 young (2048K), 2 survivors (2048K)
 Metaspace       used 17453K, capacity 18075K, committed 18432K, reserved 1064960K
  class space    used 1964K, capacity 2203K, committed 2304K, reserved 1048576K
}
Event: 2.401 GC heap before
{Heap before GC invocations=2 (full 0):
 garbage-first heap   total 131072K, used 28201K [0x00000007e0000000, 0x0000000800000000)
  region size 1024K, 23 young (23552K), 2 survivors (2048K)
 Metaspace       used 20520K, capacity 21204K, committed 21296K, reserved 1069056K
  class space    used 2378K, capacity 2673K, committed 2688K, reserved 1048576K
}
Event: 2.408 GC heap after
{Heap after GC invocations=3 (full 0):
 garbage-first heap   total 131072K, used 8555K [0x00000007e0000000, 0x0000000800000000)
  region size 1024K, 2 young (2048K), 2 survivors (2048K)
 Metaspace       used 20520K, capacity 21204K, committed 21296K, reserved 1069056K
  class space    used 2378K, capacity 2673K, committed 2688K, reserved 1048576K
}
Event: 3.340 GC heap before
{Heap before GC invocations=4 (full 0):
 garbage-first heap   total 131072K, used 69995K [0x00000007e0000000, 0x0000000800000000)
  region size 1024K, 63 young (64512K), 2 survivors (2048K)
 Metaspace       used 30791K, capacity 31817K, committed 31920K, reserved 1077248K
  class space    used 3673K, capacity 4086K, committed 4096K, reserved 1048576K
}
Event: 3.350 GC heap after
{Heap after GC invocations=5 (full 0):
 garbage-first heap   total 131072K, used 11264K [0x00000007e0000000, 0x0000000800000000)
  region size 1024K, 5 young (5120K), 5 survivors (5120K)
 Metaspace       used 30791K, capacity 31817K, committed 31920K, reserved 1077248K
  class space    used 3673K, capacity 4086K, committed 4096K, reserved 1048576K
}
Event: 4.344 GC heap before
{Heap before GC invocations=5 (full 0):
 garbage-first heap   total 131072K, used 52224K [0x00000007e0000000, 0x0000000800000000)
  region size 1024K, 46 young (47104K), 5 survivors (5120K)
 Metaspace       used 34547K, capacity 35713K, committed 35888K, reserved 1081344K
  class space    used 4140K, capacity 4627K, committed 4736K, reserved 1048576K
}
Event: 4.360 GC heap after
{Heap after GC invocations=6 (full 0):
 garbage-first heap   total 131072K, used 13241K [0x00000007e0000000, 0x0000000800000000)
  region size 1024K, 7 young (7168K), 7 survivors (7168K)
 Metaspace       used 34547K, capacity 35713K, committed 35888K, reserved 1081344K
  class space    used 4140K, capacity 4627K, committed 4736K, reserved 1048576K
}
Event: 5.575 GC heap before
{Heap before GC invocations=7 (full 0):
 garbage-first heap   total 131072K, used 78777K [0x00000007e0000000, 0x0000000800000000)
  region size 1024K, 71 young (72704K), 7 survivors (7168K)
 Metaspace       used 39182K, capacity 40546K, committed 40752K, reserved 1085440K
  class space    used 4833K, capacity 5399K, committed 5504K, reserved 1048576K
}
Event: 5.592 GC heap after
{Heap after GC invocations=8 (full 0):
 garbage-first heap   total 131072K, used 14947K [0x00000007e0000000, 0x0000000800000000)
  region size 1024K, 5 young (5120K), 5 survivors (5120K)
 Metaspace       used 39182K, capacity 40546K, committed 40752K, reserved 1085440K
  class space    used 4833K, capacity 5399K, committed 5504K, reserved 1048576K
}

